<?xml version="1.0" encoding="UTF-8"?>
<testsuite hostname="dragan-HP-ProBook-4510s" name="org.apache.tapestry5.gridenhancements.integration.GridColumnSortMixinTest" tests="6" failures="0" timestamp="22 Aug 2011 10:19:07 GMT" time="22.28" errors="0">
  <testcase name="provide_sort_parameter_in_url_both_grids" time="6.093" classname="org.apache.tapestry5.gridenhancements.integration.GridColumnSortMixinTest"/>
  <testcase name="provide_sort_parameter_in_url_first_grid" time="0.657" classname="org.apache.tapestry5.gridenhancements.integration.GridColumnSortMixinTest"/>
  <testcase name="sort_parameters_are_added_to_url" time="1.655" classname="org.apache.tapestry5.gridenhancements.integration.GridColumnSortMixinTest"/>
  <testcase name="page_parameter_is_added_to_url" time="0.94" classname="org.apache.tapestry5.gridenhancements.integration.GridCurrentPageMixinTest"/>
  <testcase name="provide_page_number_in_url_both_grids" time="0.879" classname="org.apache.tapestry5.gridenhancements.integration.GridCurrentPageMixinTest"/>
  <testcase name="provide_page_number_in_url_first_grid" time="0.449" classname="org.apache.tapestry5.gridenhancements.integration.GridCurrentPageMixinTest"/>
</testsuite>
